<?xml version="1.0" encoding="UTF-8"?>
<!-- Generated by org.testng.reporters.JUnitReportReporter -->
<testsuite skipped="0" hostname="DESKTOP-O17P51G" name="com.chiselon.classifieds.pages.Xcel_Login" tests="1" failures="0" timestamp="05 Mar 2018 12:08:50 GMT" time="7.746" errors="0">
  <testcase name="login" time="7.746" classname="com.chiselon.classifieds.pages.Xcel_Login"/>
</testsuite> <!-- com.chiselon.classifieds.pages.Xcel_Login -->
