<?xml version="1.0" encoding="UTF-8"?>
<!-- Generated by org.testng.reporters.JUnitReportReporter -->
<testsuite skipped="0" hostname="DESKTOP-O17P51G" name="com.chiselon.classifieds.pages.Xcel_editAd" tests="1" failures="0" timestamp="05 Mar 2018 12:22:44 GMT" time="8.170" errors="0">
  <testcase name="Xcel_edit" time="8.170" classname="com.chiselon.classifieds.pages.Xcel_editAd"/>
</testsuite> <!-- com.chiselon.classifieds.pages.Xcel_editAd -->
