<?xml version="1.0" encoding="UTF-8"?>
<!-- Generated by org.testng.reporters.JUnitReportReporter -->
<testsuite skipped="0" hostname="Anusha-PC" name="com.Chiselon.ColourClassifieds.UItest.TC1_Login" tests="1" failures="0" timestamp="06 Mar 2018 17:02:37 GMT" time="13.959" errors="0">
  <testcase name="test" time="13.959" classname="com.Chiselon.ColourClassifieds.UItest.TC1_Login"/>
</testsuite> <!-- com.Chiselon.ColourClassifieds.UItest.TC1_Login -->
