<?xml version="1.0" encoding="UTF-8"?>
<!-- Generated by org.testng.reporters.JUnitReportReporter -->
<testsuite skipped="0" hostname="DESKTOP-O17P51G" name="com.chiselon.classifieds.pages.Login" tests="1" failures="0" timestamp="27 Feb 2018 06:51:38 GMT" time="78.570" errors="0">
  <testcase name="login" time="78.570" classname="com.chiselon.classifieds.pages.Login"/>
</testsuite> <!-- com.chiselon.classifieds.pages.Login -->
