<?xml version="1.0" encoding="UTF-8"?>
<!-- Generated by org.testng.reporters.JUnitReportReporter -->
<testsuite skipped="0" hostname="DESKTOP-O17P51G" name="com.chiselon.classifieds.pages.forgot_passwrd" tests="1" failures="0" timestamp="05 Mar 2018 11:21:57 GMT" time="8.652" errors="0">
  <testcase name="change" time="8.652" classname="com.chiselon.classifieds.pages.forgot_passwrd"/>
</testsuite> <!-- com.chiselon.classifieds.pages.forgot_passwrd -->
