<?xml version="1.0" encoding="UTF-8"?>
<!-- Generated by org.testng.reporters.JUnitReportReporter -->
<testsuite skipped="0" hostname="DESKTOP-O17P51G" name="com.chiselon.classifieds.pages.xcel_regis" tests="1" failures="0" timestamp="01 Mar 2018 10:04:53 GMT" time="77.911" errors="0">
  <testcase name="registration" time="77.911" classname="com.chiselon.classifieds.pages.xcel_regis"/>
</testsuite> <!-- com.chiselon.classifieds.pages.xcel_regis -->
