<?xml version="1.0" encoding="UTF-8"?>
<!-- Generated by org.testng.reporters.JUnitReportReporter -->
<testsuite skipped="0" hostname="DESKTOP-O17P51G" name="com.chiselon.classifieds.pages.Xcel_browseAds" tests="1" failures="0" timestamp="05 Mar 2018 12:11:01 GMT" time="7.176" errors="0">
  <testcase name="BrowseAd" time="7.176" classname="com.chiselon.classifieds.pages.Xcel_browseAds"/>
</testsuite> <!-- com.chiselon.classifieds.pages.Xcel_browseAds -->
