<?xml version="1.0" encoding="UTF-8"?>
<!-- Generated by org.testng.reporters.JUnitReportReporter -->
<testsuite skipped="0" hostname="INDIA-PC" name="com.chiselon.colourclassifieds.uiTest.ColourClassifiedsTest" tests="2" failures="0" timestamp="22 Mar 2018 15:46:23 GMT" time="4.566" errors="0">
  <testcase name="colourClassifiedsRegistration" time="2.241" classname="com.chiselon.colourclassifieds.uiTest.ColourClassifiedsTest"/>
  <testcase name="latestadssize" time="2.325" classname="com.chiselon.colourclassifieds.uiTest.ColourClassifiedsTest"/>
</testsuite> <!-- com.chiselon.colourclassifieds.uiTest.ColourClassifiedsTest -->
