<?xml version="1.0" encoding="UTF-8"?>
<!-- Generated by org.testng.reporters.JUnitReportReporter -->
<testsuite skipped="0" hostname="DESKTOP-O17P51G" name="Xcel_browseAds" tests="1" failures="0" timestamp="05 Mar 2018 06:42:59 GMT" time="72.625" errors="0">
  <testcase name="post" time="72.625" classname="Xcel_browseAds"/>
</testsuite> <!-- Xcel_browseAds -->
