<?xml version="1.0" encoding="UTF-8"?>
<!-- Generated by org.testng.reporters.JUnitReportReporter -->
<testsuite skipped="0" hostname="DESKTOP-O17P51G" name="com.chiselon.classifieds.pages.EditAnAd" tests="1" failures="0" timestamp="01 Mar 2018 06:51:35 GMT" time="75.121" errors="0">
  <testcase name="edit" time="75.121" classname="com.chiselon.classifieds.pages.EditAnAd"/>
</testsuite> <!-- com.chiselon.classifieds.pages.EditAnAd -->
