<?xml version="1.0" encoding="UTF-8"?>
<!-- Generated by org.testng.reporters.JUnitReportReporter -->
<testsuite skipped="0" hostname="Anusha-PC" name="com.chiselon.colourclassifieds.uiTest.ColourClassifiedsTest" tests="1" failures="0" timestamp="17 Mar 2018 15:46:27 GMT" time="5.868" errors="0">
  <testcase name="colourClassifiedsRegistration" time="5.868" classname="com.chiselon.colourclassifieds.uiTest.ColourClassifiedsTest"/>
</testsuite> <!-- com.chiselon.colourclassifieds.uiTest.ColourClassifiedsTest -->
