<?xml version="1.0" encoding="UTF-8"?>
<!-- Generated by org.testng.reporters.JUnitReportReporter -->
<testsuite skipped="0" hostname="DESKTOP-O17P51G" name="com.chiselon.classifieds.pages.Xcel_FavAd" tests="1" failures="0" timestamp="05 Mar 2018 12:11:26 GMT" time="6.523" errors="0">
  <testcase name="FavoriteAD" time="6.523" classname="com.chiselon.classifieds.pages.Xcel_FavAd"/>
</testsuite> <!-- com.chiselon.classifieds.pages.Xcel_FavAd -->
