<?xml version="1.0" encoding="UTF-8"?>
<!-- Generated by org.testng.reporters.JUnitReportReporter -->
<testsuite skipped="0" hostname="INDIA-PC" name="com.Chiselon.ColourClassifieds.UItest.Colourclassifieds_test" tests="1" failures="0" timestamp="20 Feb 2018 05:07:05 GMT" time="7.196" errors="0">
  <testcase name="test" time="7.196" classname="com.Chiselon.ColourClassifieds.UItest.Colourclassifieds_test"/>
</testsuite> <!-- com.Chiselon.ColourClassifieds.UItest.Colourclassifieds_test -->
