<?xml version="1.0" encoding="UTF-8"?>
<!-- Generated by org.testng.reporters.JUnitReportReporter -->
<testsuite skipped="0" hostname="Anusha-PC" name="com.Chiselon.ColourClassifieds.Utilities.TC_exceldata" tests="3" failures="0" timestamp="07 Mar 2018 06:19:01 GMT" time="1.043" errors="0">
  <testcase name="descriptiondata" time="0.070" classname="com.Chiselon.ColourClassifieds.Utilities.TC_exceldata"/>
  <testcase name="browservalue" time="0.925" classname="com.Chiselon.ColourClassifieds.Utilities.TC_exceldata"/>
  <testcase name="titledata" time="0.048" classname="com.Chiselon.ColourClassifieds.Utilities.TC_exceldata"/>
</testsuite> <!-- com.Chiselon.ColourClassifieds.Utilities.TC_exceldata -->
