<?xml version="1.0" encoding="UTF-8"?>
<!-- Generated by org.testng.reporters.JUnitReportReporter -->
<testsuite skipped="0" hostname="DESKTOP-O17P51G" name="com.chiselon.classifieds.pages.XcelRegister" tests="1" failures="0" timestamp="28 Feb 2018 05:05:09 GMT" time="72.494" errors="0">
  <testcase name="ReadXcel" time="72.494" classname="com.chiselon.classifieds.pages.XcelRegister"/>
</testsuite> <!-- com.chiselon.classifieds.pages.XcelRegister -->
