<?xml version="1.0" encoding="UTF-8"?>
<!-- Generated by org.testng.reporters.JUnitReportReporter -->
<testsuite skipped="0" hostname="DESKTOP-O17P51G" name="com.chiselon.classifieds.pages.FavAd" tests="1" failures="0" timestamp="28 Feb 2018 10:45:11 GMT" time="14.554" errors="0">
  <testcase name="fav" time="14.554" classname="com.chiselon.classifieds.pages.FavAd"/>
</testsuite> <!-- com.chiselon.classifieds.pages.FavAd -->
