<?xml version="1.0" encoding="UTF-8"?>
<!-- Generated by org.testng.reporters.JUnitReportReporter -->
<testsuite skipped="0" hostname="Anusha-PC" name="ObjectRepository.ReadExceldata" tests="1" failures="0" timestamp="21 Feb 2018 16:49:33 GMT" time="0.881" errors="0">
  <testcase name="exceldata" time="0.881" classname="ObjectRepository.ReadExceldata"/>
</testsuite> <!-- ObjectRepository.ReadExceldata -->
