<?xml version="1.0" encoding="UTF-8"?>
<!-- Generated by org.testng.reporters.JUnitReportReporter -->
<testsuite skipped="0" hostname="Anusha-PC" name="com.Chiselon.ColourClassifieds.UItest.TC2_postad" tests="1" failures="0" timestamp="07 Mar 2018 08:38:49 GMT" time="7.329" errors="0">
  <testcase name="TC2_postadd" time="7.329" classname="com.Chiselon.ColourClassifieds.UItest.TC2_postad"/>
</testsuite> <!-- com.Chiselon.ColourClassifieds.UItest.TC2_postad -->
