<?xml version="1.0" encoding="UTF-8"?>
<!-- Generated by org.testng.reporters.JUnitReportReporter -->
<testsuite skipped="0" hostname="DESKTOP-O17P51G" name="com.chiselon.classifieds.pages.Homepage" tests="1" failures="0" timestamp="22 Feb 2018 12:19:47 GMT" time="0.640" errors="0">
  <testcase name="hm" time="0.640" classname="com.chiselon.classifieds.pages.Homepage"/>
</testsuite> <!-- com.chiselon.classifieds.pages.Homepage -->
