<?xml version="1.0" encoding="UTF-8"?>
<!-- Generated by org.testng.reporters.JUnitReportReporter -->
<testsuite skipped="0" hostname="DESKTOP-O17P51G" name="com.chiselon.classifieds.pages.Xcel_Register" tests="1" failures="0" timestamp="28 Feb 2018 11:28:42 GMT" time="11.042" errors="0">
  <testcase name="ReadXcel" time="11.042" classname="com.chiselon.classifieds.pages.Xcel_Register"/>
</testsuite> <!-- com.chiselon.classifieds.pages.Xcel_Register -->
